# Design: Design DisplayMulti already active.
# DESIGN: Default Design Language: VHDL
# DESIGN: Default BDE Language: VHDL
# DESIGN: Flow Manager: Not Defined
acom -reorder -O3 -e 100 -work DisplayMulti -2002  $dsn/src/DispMulti.vhd
# Warning: DAGGEN_0523: The source is compiled without the -dbg switch. Line breakpoints and assertion debug will not be available.
# File: D:/mnry7/Documents/Practicas-DDDigital/DisplayMultiplexado/DisplayMulti/src/DispMulti.vhd
# Compile Entity "DISPMULT"
# Compile Architecture "COMPORTAMENTAL" of Entity "DETECTOR"
# A feature of VHDL 2008 has been detected. Use the -2008 argument of the vcom command.
# Error: COMP96_0019: DispMulti.vhd : (53, 3): Keyword 'end' expected.
# Error: COMP96_0019: DispMulti.vhd : (56, 3): Keyword 'end' expected.
# Error: COMP96_0015: DispMulti.vhd : (59, 5): '<=' expected.
# Error: COMP96_0019: DispMulti.vhd : (61, 3): Keyword 'end' expected.
# Error: COMP96_0019: DispMulti.vhd : (62, 6): Keyword 'if' expected.
# Error: COMP96_0015: DispMulti.vhd : (62, 6): ';' expected.
# Error: COMP96_0029: DispMulti.vhd : (62, 10): Expression expected.
# Error: COMP96_0019: DispMulti.vhd : (63, 5): Keyword 'case' expected.
# Error: COMP96_0015: DispMulti.vhd : (66, 12): ';' expected.
# Error: COMP96_0019: DispMulti.vhd : (66, 27): Keyword 'end' expected.
# Compile failure 10 Errors 0 Warnings  Analysis time :  32.0 [ms]
acom -O3 -e 100 -work DisplayMulti -2002  $dsn/src/DispMulti.vhd
# Warning: DAGGEN_0523: The source is compiled without the -dbg switch. Line breakpoints and assertion debug will not be available.
# File: D:/mnry7/Documents/Practicas-DDDigital/DisplayMultiplexado/DisplayMulti/src/DispMulti.vhd
# Compile Entity "DISPMULT"
# Compile Architecture "COMPORTAMENTAL" of Entity "DETECTOR"
# Error: COMP96_0015: DispMulti.vhd : (62, 5): '<=' expected.
# Compile failure 1 Errors 0 Warnings  Analysis time :  0.0 [ms]
acom -O3 -e 100 -work DisplayMulti -2002  $dsn/src/DispMulti.vhd
# Warning: DAGGEN_0523: The source is compiled without the -dbg switch. Line breakpoints and assertion debug will not be available.
# File: D:/mnry7/Documents/Practicas-DDDigital/DisplayMultiplexado/DisplayMulti/src/DispMulti.vhd
# Compile Entity "DISPMULT"
# Compile Architecture "COMPORTAMENTAL" of Entity "DETECTOR"
# Error: COMP96_0056: DispMulti.vhd : (15, 1): Cannot find referenced entity declaration "DETECTOR".
# Compile failure 1 Errors 0 Warnings  Analysis time :  16.0 [ms]
acom -O3 -e 100 -work DisplayMulti -2002  $dsn/src/DispMulti.vhd
# Warning: DAGGEN_0523: The source is compiled without the -dbg switch. Line breakpoints and assertion debug will not be available.
# File: D:/mnry7/Documents/Practicas-DDDigital/DisplayMultiplexado/DisplayMulti/src/DispMulti.vhd
# Compile Entity "DISPMULT"
# Compile Architecture "COMPORTAMENTAL" of Entity "DISPMULT"
# Error: COMP96_0393: DispMulti.vhd : (43, 21): Cannot read output : "AN".
# Error: COMP96_0393: DispMulti.vhd : (44, 17): Cannot read output : "AN".
# Error: COMP96_0393: DispMulti.vhd : (51, 11): Cannot read output : "AN".
# Error: COMP96_0393: DispMulti.vhd : (55, 11): Cannot read output : "AN".
# Error: COMP96_0393: DispMulti.vhd : (59, 11): Cannot read output : "AN".
# Error: COMP96_0393: DispMulti.vhd : (63, 11): Cannot read output : "AN".
# Compile failure 6 Errors 0 Warnings  Analysis time :  16.0 [ms]
acom -O3 -e 100 -work DisplayMulti -2002  $dsn/src/DispMulti.vhd
# Warning: DAGGEN_0523: The source is compiled without the -dbg switch. Line breakpoints and assertion debug will not be available.
# File: D:/mnry7/Documents/Practicas-DDDigital/DisplayMultiplexado/DisplayMulti/src/DispMulti.vhd
# Compile Entity "DISPMULT"
# Compile Architecture "COMPORTAMENTAL" of Entity "DISPMULT"
# Compile success 0 Errors 0 Warnings  Analysis time :  47.0 [ms]
# ELBREAD: Elaboration process.
# ELBREAD: Elaboration time 0.0 [s].
# ELBREAD: Elaboration process.
# ELBREAD: Elaboration time 0.0 [s].
asim -O5 +access +r +m+DISPMULT DISPMULT COMPORTAMENTAL
# ELBREAD: Elaboration process.
# ELBREAD: Elaboration time 0.0 [s].
# VSIM: Stack memory: 32MB
# VSIM: Retval memory: 32MB
# 
# KERNEL: Main thread initiated.
# KERNEL: Kernel process initialization phase.
# ELAB2: Elaboration final pass...
# ELAB2: Create instances ...
# KERNEL: Time resolution set to 1ps.
# ELAB2: Create instances complete.
# SLP: Started
# SLP: Elaboration phase ...
# SLP: Elaboration phase ... skipped, nothing to simulate in SLP mode : 0.0 [s]
# SLP: Finished : 0.0 [s]
# ELAB2: Elaboration final pass complete - time: 0.1 [s].
# KERNEL: Warning: You are using the Active-HDL Student Edition. The performance of simulation is running at a reduced rate.
# KERNEL: Warning: Contact Aldec for available upgrade options - sales@aldec.com.
# KERNEL: Kernel process initialization done.
# Allocation: Simulator allocated 6422 kB (elbread=427 elab2=5856 kernel=139 sdf=0)
# KERNEL: ASDB file was created in location D:\mnry7\Documents\Practicas-DDDigital\DisplayMultiplexado\DisplayMulti\src\wave.asdb
#  02:36 p. m., lunes, 9 de enero de 2023
#  Simulation has been initialized
# VSIM: 7 object(s) traced.
# Waveform file 'untitled.awc' connected to 'D:/mnry7/Documents/Practicas-DDDigital/DisplayMultiplexado/DisplayMulti/src/wave.asdb'.
acom -O3 -e 100 -work DisplayMulti -2002  $dsn/src/DispMulti.vhd
# Warning: DAGGEN_0523: The source is compiled without the -dbg switch. Line breakpoints and assertion debug will not be available.
# File: D:/mnry7/Documents/Practicas-DDDigital/DisplayMultiplexado/DisplayMulti/src/DispMulti.vhd
# Compile Entity "DISPMULT"
# Compile Architecture "COMPORTAMENTAL" of Entity "DISPMULT"
# Compile success 0 Errors 0 Warnings  Analysis time :  31.0 [ms]
endsim
# VSIM: Simulation has finished.
asim -O5 +access +r +m+DISPMULT DISPMULT COMPORTAMENTAL
# ELBREAD: Elaboration process.
# ELBREAD: Elaboration time 0.0 [s].
# VSIM: Stack memory: 32MB
# VSIM: Retval memory: 32MB
# 
# KERNEL: Main thread initiated.
# KERNEL: Kernel process initialization phase.
# ELAB2: Elaboration final pass...
# ELAB2: Create instances ...
# KERNEL: Time resolution set to 1ps.
# ELAB2: Create instances complete.
# SLP: Started
# SLP: Elaboration phase ...
# SLP: Elaboration phase ... skipped, nothing to simulate in SLP mode : 0.0 [s]
# SLP: Finished : 0.0 [s]
# ELAB2: Elaboration final pass complete - time: 0.0 [s].
# KERNEL: Warning: You are using the Active-HDL Student Edition. The performance of simulation is running at a reduced rate.
# KERNEL: Warning: Contact Aldec for available upgrade options - sales@aldec.com.
# KERNEL: Kernel process initialization done.
# Allocation: Simulator allocated 6422 kB (elbread=427 elab2=5856 kernel=139 sdf=0)
# KERNEL: ASDB file was created in location D:\mnry7\Documents\Practicas-DDDigital\DisplayMultiplexado\DisplayMulti\src\wave.asdb
# Stimuli: Warning: The stimuli set "StimuliSet1" has been made inactive.
#  02:37 p. m., lunes, 9 de enero de 2023
#  Simulation has been initialized
# Waveform file 'untitled.awc' connected to 'D:/mnry7/Documents/Practicas-DDDigital/DisplayMultiplexado/DisplayMulti/src/wave.asdb'.
# Warning: WAVEFORM: Object matching /DISPMULT/CLK not found in D:/mnry7/Documents/Practicas-DDDigital/DisplayMultiplexado/DisplayMulti/src/wave.asdb.
run
# KERNEL: Simulation has finished. There are no more test vectors to simulate.
run 100 ns
# KERNEL: stopped at time: 100 ns
run 100 ns
# KERNEL: stopped at time: 200 ns
acom -O3 -e 100 -work DisplayMulti -2002  $dsn/src/DispMulti.vhd
# Warning: DAGGEN_0523: The source is compiled without the -dbg switch. Line breakpoints and assertion debug will not be available.
# File: D:/mnry7/Documents/Practicas-DDDigital/DisplayMultiplexado/DisplayMulti/src/DispMulti.vhd
# Compile Entity "DISPMULT"
# Compile Architecture "COMPORTAMENTAL" of Entity "DISPMULT"
# Compile success 0 Errors 0 Warnings  Analysis time :  31.0 [ms]
endsim
# VSIM: Simulation has finished.
asim -O5 +access +r +m+DISPMULT DISPMULT COMPORTAMENTAL
# ELBREAD: Elaboration process.
# ELBREAD: Elaboration time 0.0 [s].
# VSIM: Stack memory: 32MB
# VSIM: Retval memory: 32MB
# 
# KERNEL: Main thread initiated.
# KERNEL: Kernel process initialization phase.
# ELAB2: Elaboration final pass...
# ELAB2: Create instances ...
# KERNEL: Time resolution set to 1ps.
# ELAB2: Create instances complete.
# SLP: Started
# SLP: Elaboration phase ...
# SLP: Elaboration phase ... skipped, nothing to simulate in SLP mode : 0.0 [s]
# SLP: Finished : 0.0 [s]
# ELAB2: Elaboration final pass complete - time: 0.0 [s].
# KERNEL: Warning: You are using the Active-HDL Student Edition. The performance of simulation is running at a reduced rate.
# KERNEL: Warning: Contact Aldec for available upgrade options - sales@aldec.com.
# KERNEL: Kernel process initialization done.
# Allocation: Simulator allocated 6422 kB (elbread=427 elab2=5856 kernel=139 sdf=0)
# KERNEL: ASDB file was created in location D:\mnry7\Documents\Practicas-DDDigital\DisplayMultiplexado\DisplayMulti\src\wave.asdb
# Stimuli: Warning: The stimuli set "StimuliSet2" has been made inactive.
#  02:39 p. m., lunes, 9 de enero de 2023
#  Simulation has been initialized
# Waveform file 'untitled.awc' connected to 'D:/mnry7/Documents/Practicas-DDDigital/DisplayMultiplexado/DisplayMulti/src/wave.asdb'.
run 100 ns
# KERNEL: stopped at time: 100 ns
run 100 ns
# KERNEL: stopped at time: 200 ns
run 100 ns
# KERNEL: stopped at time: 300 ns
run 100 ns
# KERNEL: stopped at time: 400 ns
run 100 ns
# KERNEL: stopped at time: 500 ns
run 100 ns
# KERNEL: stopped at time: 600 ns
run 100 ns
# KERNEL: stopped at time: 700 ns
acom -O3 -e 100 -work DisplayMulti -2002  $dsn/src/DispMulti.vhd
# Warning: DAGGEN_0523: The source is compiled without the -dbg switch. Line breakpoints and assertion debug will not be available.
# File: D:/mnry7/Documents/Practicas-DDDigital/DisplayMultiplexado/DisplayMulti/src/DispMulti.vhd
# Compile Entity "DISPMULT"
# Compile Architecture "COMPORTAMENTAL" of Entity "DISPMULT"
# Compile success 0 Errors 0 Warnings  Analysis time :  31.0 [ms]
endsim
# VSIM: Simulation has finished.
asim -O5 +access +r +m+DISPMULT DISPMULT COMPORTAMENTAL
# ELBREAD: Elaboration process.
# ELBREAD: Elaboration time 0.0 [s].
# VSIM: Stack memory: 32MB
# VSIM: Retval memory: 32MB
# 
# KERNEL: Main thread initiated.
# KERNEL: Kernel process initialization phase.
# ELAB2: Elaboration final pass...
# ELAB2: Create instances ...
# KERNEL: Time resolution set to 1ps.
# ELAB2: Create instances complete.
# SLP: Started
# SLP: Elaboration phase ...
# SLP: Elaboration phase ... skipped, nothing to simulate in SLP mode : 0.0 [s]
# SLP: Finished : 0.0 [s]
# ELAB2: Elaboration final pass complete - time: 0.0 [s].
# KERNEL: Warning: You are using the Active-HDL Student Edition. The performance of simulation is running at a reduced rate.
# KERNEL: Warning: Contact Aldec for available upgrade options - sales@aldec.com.
# KERNEL: Kernel process initialization done.
# Allocation: Simulator allocated 6422 kB (elbread=427 elab2=5856 kernel=139 sdf=0)
# KERNEL: ASDB file was created in location D:\mnry7\Documents\Practicas-DDDigital\DisplayMultiplexado\DisplayMulti\src\wave.asdb
# Stimuli: Warning: The stimuli set "StimuliSet3" has been made inactive.
#  02:41 p. m., lunes, 9 de enero de 2023
#  Simulation has been initialized
# Waveform file 'untitled.awc' connected to 'D:/mnry7/Documents/Practicas-DDDigital/DisplayMultiplexado/DisplayMulti/src/wave.asdb'.
run 100 ns
# KERNEL: stopped at time: 100 ns
run 100 ns
# KERNEL: stopped at time: 200 ns
run 100 ns
# KERNEL: stopped at time: 300 ns
run 100 ns
# KERNEL: stopped at time: 400 ns
run 100 ns
# KERNEL: stopped at time: 500 ns
run 100 ns
# KERNEL: stopped at time: 600 ns
run 100 ns
# KERNEL: stopped at time: 700 ns
run 100 ns
# KERNEL: stopped at time: 800 ns
run 100 ns
# KERNEL: stopped at time: 900 ns
run 100 ns
# KERNEL: stopped at time: 1 us
run 100 ns
# KERNEL: stopped at time: 1100 ns
acom -O3 -e 100 -work DisplayMulti -2002  $dsn/src/DispMulti.vhd
# Warning: DAGGEN_0523: The source is compiled without the -dbg switch. Line breakpoints and assertion debug will not be available.
# File: D:/mnry7/Documents/Practicas-DDDigital/DisplayMultiplexado/DisplayMulti/src/DispMulti.vhd
# Compile Entity "DISPMULT"
# Compile Architecture "COMPORTAMENTAL" of Entity "DISPMULT"
# Compile success 0 Errors 0 Warnings  Analysis time :  16.0 [ms]
endsim
# VSIM: Simulation has finished.
asim -O5 +access +r +m+DISPMULT DISPMULT COMPORTAMENTAL
# ELBREAD: Elaboration process.
# ELBREAD: Elaboration time 0.0 [s].
# VSIM: Stack memory: 32MB
# VSIM: Retval memory: 32MB
# 
# KERNEL: Main thread initiated.
# KERNEL: Kernel process initialization phase.
# ELAB2: Elaboration final pass...
# ELAB2: Create instances ...
# KERNEL: Time resolution set to 1ps.
# ELAB2: Create instances complete.
# SLP: Started
# SLP: Elaboration phase ...
# SLP: Elaboration phase ... skipped, nothing to simulate in SLP mode : 0.0 [s]
# SLP: Finished : 0.0 [s]
# ELAB2: Elaboration final pass complete - time: 0.0 [s].
# KERNEL: Warning: You are using the Active-HDL Student Edition. The performance of simulation is running at a reduced rate.
# KERNEL: Warning: Contact Aldec for available upgrade options - sales@aldec.com.
# KERNEL: Kernel process initialization done.
# Allocation: Simulator allocated 6422 kB (elbread=427 elab2=5856 kernel=139 sdf=0)
# KERNEL: ASDB file was created in location D:\mnry7\Documents\Practicas-DDDigital\DisplayMultiplexado\DisplayMulti\src\wave.asdb
# Stimuli: Warning: The stimuli set "StimuliSet4" has been made inactive.
#  02:45 p. m., lunes, 9 de enero de 2023
#  Simulation has been initialized
# Waveform file 'untitled.awc' connected to 'D:/mnry7/Documents/Practicas-DDDigital/DisplayMultiplexado/DisplayMulti/src/wave.asdb'.
run 100 ns
# KERNEL: stopped at time: 100 ns
run 100 ns
# KERNEL: stopped at time: 200 ns
run 100 ns
# KERNEL: stopped at time: 300 ns
run 100 ns
# KERNEL: stopped at time: 400 ns
run 100 ns
# KERNEL: stopped at time: 500 ns
run 100 ns
# KERNEL: stopped at time: 600 ns
run 100 ns
# KERNEL: stopped at time: 700 ns
run 100 ns
# KERNEL: stopped at time: 800 ns
