acom -reorder -O3 -e 100 -work Contadores -2002  $dsn/src/Contadores.vhd
# Warning: DAGGEN_0523: The source is compiled without the -dbg switch. Line breakpoints and assertion debug will not be available.
# File: D:/mnry7/Documents/Practicas-DDDigital/Contadores/Contadores/src/Contadores.vhd
# Compile Entity "SERIES"
# Compile Architecture "A_SERIES" of Entity "SERIES"
# Incorrect order of units detected.
# Automatic reorder and incremental recompilation of required units in progress.
# File: D:/mnry7/Documents/Practicas-DDDigital/Contadores/Contadores/src/Contadores.vhd
# Compile Entity "SERIES"
# Compile Architecture "A_SERIES" of Entity "SERIES"
# File: D:/mnry7/Documents/Practicas-DDDigital/Contadores/Contadores/src/Contadores.vhd
# Compile Entity "SERIES"
# Compile Architecture "A_SERIES" of Entity "SERIES"
# File: D:/mnry7/Documents/Practicas-DDDigital/Contadores/Contadores/src/Contadores.vhd
# Compile Entity "SERIES"
# Compile Architecture "A_SERIES" of Entity "SERIES"
# Error: COMP96_0018: Contadores.vhd : (10, 3): Identifier expected.
# Error: COMP96_0056: Contadores.vhd : (14, 1): Cannot find referenced entity declaration "SERIES".
# Compile failure 2 Errors 0 Warnings  Analysis time :  31.0 [ms]
acom -reorder -O3 -e 100 -work Contadores -2002  $dsn/src/Contadores.vhd
# Warning: DAGGEN_0523: The source is compiled without the -dbg switch. Line breakpoints and assertion debug will not be available.
# File: D:/mnry7/Documents/Practicas-DDDigital/Contadores/Contadores/src/Contadores.vhd
# Compile Entity "CONTADOR"
# Compile Architecture "A_CONTADOR" of Entity "CONTADOR"
# Top-level unit(s) detected:
# Entity => CONTADOR
# Compile success 0 Errors 0 Warnings  Analysis time :  47.0 [ms]
# ELBREAD: Elaboration process.
# ELBREAD: Elaboration time 0.0 [s].
asim -O5 +access +r +m+CONTADOR CONTADOR A_CONTADOR
# ELBREAD: Elaboration process.
# ELBREAD: Elaboration time 0.0 [s].
# VSIM: Stack memory: 32MB
# VSIM: Retval memory: 32MB
# 
# KERNEL: Main thread initiated.
# KERNEL: Kernel process initialization phase.
# ELAB2: Elaboration final pass...
# ELAB2: Create instances ...
# KERNEL: Time resolution set to 1ps.
# ELAB2: Create instances complete.
# SLP: Started
# SLP: Elaboration phase ...
# SLP: Elaboration phase ... skipped, nothing to simulate in SLP mode : 0.0 [s]
# SLP: Finished : 0.0 [s]
# ELAB2: Elaboration final pass complete - time: 0.2 [s].
# KERNEL: Warning: You are using the Active-HDL Student Edition. The performance of simulation is running at a reduced rate.
# KERNEL: Warning: Contact Aldec for available upgrade options - sales@aldec.com.
# KERNEL: Kernel process initialization done.
# Allocation: Simulator allocated 5397 kB (elbread=427 elab2=4831 kernel=139 sdf=0)
# KERNEL: ASDB file was created in location D:\mnry7\Documents\Practicas-DDDigital\Contadores\Contadores\src\wave.asdb
#  07:00 p. m., lunes, 14 de noviembre de 2022
#  Simulation has been initialized
# VSIM: 5 object(s) traced.
# Waveform file 'untitled.awc' connected to 'D:/mnry7/Documents/Practicas-DDDigital/Contadores/Contadores/src/wave.asdb'.
run 100 ns
# KERNEL: stopped at time: 100 ns
acom -O3 -e 100 -work contadores -2002  $dsn/src/Contadores.vhd
# Warning: DAGGEN_0523: The source is compiled without the -dbg switch. Line breakpoints and assertion debug will not be available.
# File: D:/mnry7/Documents/Practicas-DDDigital/Contadores/Contadores/src/Contadores.vhd
# Compile Entity "CONTADOR"
# Compile Architecture "A_CONTADOR" of Entity "CONTADOR"
# Compile success 0 Errors 0 Warnings  Analysis time :  31.0 [ms]
acom -O3 -e 100 -work contadores -2002  $dsn/src/Contadores.vhd
# Warning: DAGGEN_0523: The source is compiled without the -dbg switch. Line breakpoints and assertion debug will not be available.
# File: D:/mnry7/Documents/Practicas-DDDigital/Contadores/Contadores/src/Contadores.vhd
# Compile Entity "CONTADOR"
# Compile Architecture "A_CONTADOR" of Entity "CONTADOR"
# Compile success 0 Errors 0 Warnings  Analysis time :  16.0 [ms]
# KERNEL: Warning: KERNEL_0291 Object "/CONTADOR/CLK" has already been traced.
# KERNEL: Warning: KERNEL_0291 Object "/CONTADOR/CLR" has already been traced.
# KERNEL: Warning: KERNEL_0291 Object "/CONTADOR/SEL" has already been traced.
# KERNEL: Warning: KERNEL_0291 Object "/CONTADOR/Q" has already been traced.
# KERNEL: Warning: KERNEL_0291 Object "/CONTADOR/QN" has already been traced.
# VSIM: 0 object(s) traced.
# Waveform file 'untitled.awc' connected to 'D:/mnry7/Documents/Practicas-DDDigital/Contadores/Contadores/src/wave.asdb'.
run 100 ns
# KERNEL: stopped at time: 200 ns
endsim
# VSIM: Simulation has finished.
asim -O5 +access +r +m+CONTADOR CONTADOR A_CONTADOR
# ELBREAD: Elaboration process.
# ELBREAD: Elaboration time 0.0 [s].
# VSIM: Stack memory: 32MB
# VSIM: Retval memory: 32MB
# 
# KERNEL: Main thread initiated.
# KERNEL: Kernel process initialization phase.
# ELAB2: Elaboration final pass...
# ELAB2: Create instances ...
# KERNEL: Time resolution set to 1ps.
# ELAB2: Create instances complete.
# SLP: Started
# SLP: Elaboration phase ...
# SLP: Elaboration phase ... skipped, nothing to simulate in SLP mode : 0.0 [s]
# SLP: Finished : 0.0 [s]
# ELAB2: Elaboration final pass complete - time: 0.0 [s].
# KERNEL: Warning: You are using the Active-HDL Student Edition. The performance of simulation is running at a reduced rate.
# KERNEL: Warning: Contact Aldec for available upgrade options - sales@aldec.com.
# KERNEL: Kernel process initialization done.
# Allocation: Simulator allocated 5397 kB (elbread=427 elab2=4831 kernel=139 sdf=0)
# KERNEL: ASDB file was created in location D:\mnry7\Documents\Practicas-DDDigital\Contadores\Contadores\src\wave.asdb
# Stimuli: Warning: The stimuli set "StimuliSet1" has been made inactive.
#  07:03 p. m., lunes, 14 de noviembre de 2022
#  Simulation has been initialized
# VSIM: 5 object(s) traced.
# Waveform file 'untitled.awc' connected to 'D:/mnry7/Documents/Practicas-DDDigital/Contadores/Contadores/src/wave.asdb'.
run 100 ns
# KERNEL: stopped at time: 100 ns
run 100 ns
# KERNEL: stopped at time: 200 ns
run 100 ns
# KERNEL: stopped at time: 300 ns
run 100 ns
# KERNEL: stopped at time: 400 ns
run 100 ns
# KERNEL: stopped at time: 500 ns
run 100 ns
# KERNEL: stopped at time: 600 ns
run 100 ns
# KERNEL: stopped at time: 700 ns
run 100 ns
# KERNEL: stopped at time: 800 ns
run 100 ns
# KERNEL: stopped at time: 900 ns
endsim
# VSIM: Simulation has finished.
