Active-HDL 13.0.376.8320 2023-01-09 14:45:11

Elaboration top modules:
Architecture                  COMPORTAMENTAL(DISPMULT)


--------------------------------------------------------------------------------------------------
Entity   | Architecture   | Library      | Info | Compiler Version          | Compilation Options
--------------------------------------------------------------------------------------------------
DISPMULT | COMPORTAMENTAL | DisplayMulti |      | 13.0.376.8320 (Windows64) | -O3
--------------------------------------------------------------------------------------------------

--------------------------------------------------------------------------------------------------
VHDL Package              | Library      | Info | Compiler Version          | Compilation Options
--------------------------------------------------------------------------------------------------
standard                  | std          |      |                           | <unavailable>
TEXTIO                    | std          |      | 13.0.376.8320 (Windows64) |  -2019
std_logic_1164            | ieee         |      | 13.0.376.8320 (Windows64) |  -2008
--------------------------------------------------------------------------------------------------

--------------------------------------------------------------------------------------------------
Library                   | Comment
--------------------------------------------------------------------------------------------------
DisplayMulti              | None
ieee                      | Standard IEEE packages library
std                       | Standard VHDL library
--------------------------------------------------------------------------------------------------


Simulation Options: asim -O5 +access +r +m+DISPMULT DISPMULT COMPORTAMENTAL


The performance of simulation is reduced. Version Student Edition
