Active-HDL 13.0.376.8320 2022-11-14 19:05:15

Elaboration top modules:
Architecture                  A_CONTADOR(CONTADOR)


----------------------------------------------------------------------------------------------
Entity   | Architecture | Library    | Info | Compiler Version          | Compilation Options
----------------------------------------------------------------------------------------------
CONTADOR | A_CONTADOR   | contadores |      | 13.0.376.8320 (Windows64) | -O3
----------------------------------------------------------------------------------------------

----------------------------------------------------------------------------------------------
VHDL Package            | Library    | Info | Compiler Version          | Compilation Options
----------------------------------------------------------------------------------------------
standard                | std        |      |                           | <unavailable>
TEXTIO                  | std        |      | 13.0.376.8320 (Windows64) |  -2019
std_logic_1164          | ieee       |      | 13.0.376.8320 (Windows64) |  -2008
----------------------------------------------------------------------------------------------

----------------------------------------------------------------------------------------------
Library                 | Comment
----------------------------------------------------------------------------------------------
contadores              | None
ieee                    | Standard IEEE packages library
std                     | Standard VHDL library
----------------------------------------------------------------------------------------------
