Design: 09:31 a.m., Viernes, 26 de Agosto de 2022
Design: Opening design "E:\DSD\vhd\Practica1\Practica1.adf"
ELBREAD: Elaboration process.
ELBREAD: Elaboration time 0.0 [s].
Compilation with file reorder...
File: E:\DSD\vhd\Practica1.vhd
Compile Entity "pr1"
Compile Architecture "DSMB" of Entity "pr1"
Top-Level unit detected
Entity  =>   pr1
Compile success 0 Errors 0 Warnings  Analysis time :  0.2 [s]
ELBREAD: Elaboration process.
ELBREAD: Elaboration time 0.1 [s].
ELBREAD: Elaboration process.
ELBREAD: Elaboration time 0.0 [s].
KERNEL: Main thread initiated.
KERNEL: Kernel process initialization phase.
ELAB2: Elaboration final pass...
ELAB2: Elaboration final pass complete - time: 0.0 [s].
KERNEL: Kernel process initialization done.
09:32 a.m., Viernes, 26 de Agosto de 2022
Simulation has been initialized
Selected Top-Level: pr1 (DSMB)
KERNEL: stopped at time: 100 ns
KERNEL: Simulation has finished. There are no more test vectors to simulate.
KERNEL: stopped at time: 200 ns
KERNEL: Simulation has finished. There are no more test vectors to simulate.
Simulation has been stopped
