Active-HDL 13.0.376.8320 2023-01-11 20:00:31

Elaboration top modules:
Architecture                  COMPORTAMENTAL(DETECTOR)


-------------------------------------------------------------------------------------------------------
Entity   | Architecture   | Library           | Info | Compiler Version          | Compilation Options
-------------------------------------------------------------------------------------------------------
DETECTOR | COMPORTAMENTAL | detectorsecuencia |      | 13.0.376.8320 (Windows64) | -O3
-------------------------------------------------------------------------------------------------------

-------------------------------------------------------------------------------------------------------
VHDL Package              | Library           | Info | Compiler Version          | Compilation Options
-------------------------------------------------------------------------------------------------------
standard                  | std               |      |                           | <unavailable>
TEXTIO                    | std               |      | 13.0.376.8320 (Windows64) |  -2019
std_logic_1164            | ieee              |      | 13.0.376.8320 (Windows64) |  -2008
-------------------------------------------------------------------------------------------------------

-------------------------------------------------------------------------------------------------------
Library                   | Comment
-------------------------------------------------------------------------------------------------------
detectorsecuencia         | None
ieee                      | Standard IEEE packages library
std                       | Standard VHDL library
-------------------------------------------------------------------------------------------------------
