Active-HDL 13.0.376.8320 2022-11-14 18:22:18

Elaboration top modules:
Architecture                  A_SERIES(SERIES)


----------------------------------------------------------------------------------------------
Entity   | Architecture | Library    | Info | Compiler Version          | Compilation Options
----------------------------------------------------------------------------------------------
SERIES   | A_SERIES     | runiversal |      | 13.0.376.8320 (Windows64) | -O3
----------------------------------------------------------------------------------------------

----------------------------------------------------------------------------------------------
VHDL Package            | Library    | Info | Compiler Version          | Compilation Options
----------------------------------------------------------------------------------------------
standard                | std        |      |                           | <unavailable>
TEXTIO                  | std        |      | 13.0.376.8320 (Windows64) |  -2019
std_logic_1164          | ieee       |      | 13.0.376.8320 (Windows64) |  -2008
----------------------------------------------------------------------------------------------

----------------------------------------------------------------------------------------------
Library                 | Comment
----------------------------------------------------------------------------------------------
ieee                    | Standard IEEE packages library
runiversal              | None
std                     | Standard VHDL library
----------------------------------------------------------------------------------------------
