Active-HDL 13.0.376.8320 2022-11-03 17:12:47

Elaboration top modules:
Architecture                  A_PRA1(PRA1)


---------------------------------------------------------------------------------------------
Entity   | Architecture | Library   | Info | Compiler Version          | Compilation Options
---------------------------------------------------------------------------------------------
PRA1     | A_PRA1       | practica1 |      | 13.0.376.8320 (Windows64) | -O3
---------------------------------------------------------------------------------------------

---------------------------------------------------------------------------------------------
VHDL Package            | Library   | Info | Compiler Version          | Compilation Options
---------------------------------------------------------------------------------------------
standard                | std       |      |                           | <unavailable>
TEXTIO                  | std       |      | 13.0.376.8320 (Windows64) |  -2019
std_logic_1164          | ieee      |      | 13.0.376.8320 (Windows64) |  -2008
---------------------------------------------------------------------------------------------

---------------------------------------------------------------------------------------------
Library                 | Comment
---------------------------------------------------------------------------------------------
ieee                    | Standard IEEE packages library
practica1               | None
std                     | Standard VHDL library
---------------------------------------------------------------------------------------------
